Started GET "/dashboard/index" for 127.0.0.1 at 2019-03-13 18:33:49 -0500
Processing by DashboardController#index as HTML
  Rendering dashboard/index.html.erb within layouts/application
  Rendered dashboard/index.html.erb within layouts/application (1.0ms)
  Rendered layouts/_sidebar.html.erb (0.4ms)
  Rendered layouts/_topbar.html.erb (0.3ms)
Completed 200 OK in 757ms (Views: 750.1ms | ActiveRecord: 0.0ms)


Started GET "/dashboard/index" for 127.0.0.1 at 2019-03-13 18:34:27 -0500
Processing by DashboardController#index as HTML
  Rendering dashboard/index.html.erb within layouts/application
  Rendered dashboard/index.html.erb within layouts/application (1.1ms)
  Rendered layouts/_sidebar.html.erb (0.5ms)
  Rendered layouts/_topbar.html.erb (0.6ms)
Completed 200 OK in 56ms (Views: 54.1ms | ActiveRecord: 0.0ms)


  [1m[35m (0.1ms)[0m  [1m[34mSELECT sqlite_version(*)[0m
  ↳ bin/rails:9
  [1m[35m (89.4ms)[0m  [1m[35mCREATE TABLE "schema_migrations" ("version" varchar NOT NULL PRIMARY KEY)[0m
  ↳ bin/rails:9
  [1m[35m (70.9ms)[0m  [1m[35mCREATE TABLE "ar_internal_metadata" ("key" varchar NOT NULL PRIMARY KEY, "value" varchar, "created_at" datetime NOT NULL, "updated_at" datetime NOT NULL)[0m
  ↳ bin/rails:9
  [1m[35m (0.4ms)[0m  [1m[34mSELECT "schema_migrations"."version" FROM "schema_migrations" ORDER BY "schema_migrations"."version" ASC[0m
  ↳ bin/rails:9
Migrating to DeviseCreateUsers (20190314215217)
  [1m[35m (0.1ms)[0m  [1m[36mbegin transaction[0m
  ↳ bin/rails:9
  [1m[35m (0.7ms)[0m  [1m[35mCREATE TABLE "users" ("id" integer PRIMARY KEY AUTOINCREMENT NOT NULL, "email" varchar DEFAULT '' NOT NULL, "encrypted_password" varchar DEFAULT '' NOT NULL, "reset_password_token" varchar, "reset_password_sent_at" datetime, "remember_created_at" datetime, "created_at" datetime NOT NULL, "updated_at" datetime NOT NULL)[0m
  ↳ db/migrate/20190314215217_devise_create_users.rb:5
  [1m[35m (0.4ms)[0m  [1m[35mCREATE UNIQUE INDEX "index_users_on_email" ON "users" ("email")[0m
  ↳ db/migrate/20190314215217_devise_create_users.rb:39
  [1m[35m (0.2ms)[0m  [1m[35mCREATE UNIQUE INDEX "index_users_on_reset_password_token" ON "users" ("reset_password_token")[0m
  ↳ db/migrate/20190314215217_devise_create_users.rb:40
  [1m[36mActiveRecord::SchemaMigration Create (0.3ms)[0m  [1m[32mINSERT INTO "schema_migrations" ("version") VALUES (?)[0m  [["version", "20190314215217"]]
  ↳ bin/rails:9
  [1m[35m (79.0ms)[0m  [1m[36mcommit transaction[0m
  ↳ bin/rails:9
  [1m[36mActiveRecord::InternalMetadata Load (0.4ms)[0m  [1m[34mSELECT  "ar_internal_metadata".* FROM "ar_internal_metadata" WHERE "ar_internal_metadata"."key" = ? LIMIT ?[0m  [["key", "environment"], ["LIMIT", 1]]
  ↳ bin/rails:9
  [1m[35m (0.1ms)[0m  [1m[36mbegin transaction[0m
  ↳ bin/rails:9
  [1m[36mActiveRecord::InternalMetadata Create (1.0ms)[0m  [1m[32mINSERT INTO "ar_internal_metadata" ("key", "value", "created_at", "updated_at") VALUES (?, ?, ?, ?)[0m  [["key", "environment"], ["value", "development"], ["created_at", "2019-03-14 21:54:46.828752"], ["updated_at", "2019-03-14 21:54:46.828752"]]
  ↳ bin/rails:9
  [1m[35m (50.1ms)[0m  [1m[36mcommit transaction[0m
  ↳ bin/rails:9
  [1m[35m (0.1ms)[0m  [1m[34mSELECT "schema_migrations"."version" FROM "schema_migrations" ORDER BY "schema_migrations"."version" ASC[0m
  ↳ bin/rails:9
Started GET "/dashboard/index" for 127.0.0.1 at 2019-03-14 16:58:20 -0500
  [1m[35m (0.1ms)[0m  [1m[34mSELECT "schema_migrations"."version" FROM "schema_migrations" ORDER BY "schema_migrations"."version" ASC[0m
  ↳ /home/alberto_chang/.rvm/gems/ruby-2.4.1@ingsoft/gems/activerecord-5.2.2.1/lib/active_record/log_subscriber.rb:98
Processing by DashboardController#index as HTML
  Rendering dashboard/index.html.erb within layouts/application
  Rendered dashboard/index.html.erb within layouts/application (1.0ms)
  Rendered layouts/_sidebar.html.erb (0.5ms)
  Rendered layouts/_topbar.html.erb (0.4ms)
Completed 200 OK in 376ms (Views: 367.7ms | ActiveRecord: 0.0ms)


Started GET "/users/sign_up" for 127.0.0.1 at 2019-03-14 16:58:29 -0500
Processing by Devise::RegistrationsController#new as HTML
  Rendering devise/registrations/new.html.erb within layouts/application
  Rendered devise/shared/_error_messages.html.erb (1.1ms)
  Rendered devise/shared/_links.html.erb (1.4ms)
  Rendered devise/registrations/new.html.erb within layouts/application (200.0ms)
  Rendered layouts/_sidebar.html.erb (0.5ms)
  Rendered layouts/_topbar.html.erb (0.6ms)
Completed 200 OK in 268ms (Views: 243.1ms | ActiveRecord: 1.1ms)


Started GET "/users/sign_in" for 127.0.0.1 at 2019-03-14 17:00:01 -0500
Processing by Devise::SessionsController#new as HTML
  Rendering devise/sessions/new.html.erb within layouts/application
  Rendered devise/shared/_links.html.erb (2.6ms)
  Rendered devise/sessions/new.html.erb within layouts/application (72.1ms)
  Rendered layouts/_sidebar.html.erb (0.7ms)
  Rendered layouts/_topbar.html.erb (0.9ms)
Completed 200 OK in 142ms (Views: 137.9ms | ActiveRecord: 0.0ms)


Started GET "/users/sign_in" for 127.0.0.1 at 2019-03-14 17:02:36 -0500
Processing by Devise::SessionsController#new as HTML
  Rendering devise/sessions/new.html.erb within layouts/application
  Rendered devise/shared/_links.html.erb (1.9ms)
  Rendered devise/sessions/new.html.erb within layouts/application (6.1ms)
  Rendered layouts/_sidebar.html.erb (0.4ms)
  Rendered layouts/_topbar.html.erb (0.5ms)
Completed 200 OK in 54ms (Views: 52.5ms | ActiveRecord: 0.0ms)


Started GET "/" for 127.0.0.1 at 2019-03-14 17:02:40 -0500
Processing by Devise::SessionsController#new as HTML
  Rendering devise/sessions/new.html.erb within layouts/application
  Rendered devise/shared/_links.html.erb (1.5ms)
  Rendered devise/sessions/new.html.erb within layouts/application (6.3ms)
  Rendered layouts/_sidebar.html.erb (0.6ms)
  Rendered layouts/_topbar.html.erb (1.3ms)
Completed 200 OK in 83ms (Views: 65.1ms | ActiveRecord: 1.2ms)


Started GET "/dashboard/index" for 127.0.0.1 at 2019-03-14 17:02:56 -0500
  [1m[35m (0.1ms)[0m  [1m[34mSELECT "schema_migrations"."version" FROM "schema_migrations" ORDER BY "schema_migrations"."version" ASC[0m
  ↳ /home/alberto_chang/.rvm/gems/ruby-2.4.1@ingsoft/gems/activerecord-5.2.2.1/lib/active_record/log_subscriber.rb:98
Processing by DashboardController#index as HTML
  Rendering dashboard/index.html.erb within layouts/application
  Rendered dashboard/index.html.erb within layouts/application (1.1ms)
  Rendered layouts/_sidebar.html.erb (0.4ms)
  Rendered layouts/_topbar.html.erb (0.4ms)
Completed 200 OK in 335ms (Views: 325.9ms | ActiveRecord: 0.0ms)


Started GET "/" for 127.0.0.1 at 2019-03-14 17:02:58 -0500
Processing by Devise::SessionsController#new as HTML
  Rendering devise/sessions/new.html.erb within layouts/application
  Rendered devise/shared/_links.html.erb (1.4ms)
  Rendered devise/sessions/new.html.erb within layouts/application (10.9ms)
  Rendered layouts/_sidebar.html.erb (0.5ms)
  Rendered layouts/_topbar.html.erb (0.5ms)
Completed 200 OK in 79ms (Views: 58.1ms | ActiveRecord: 1.6ms)


Started GET "/" for 127.0.0.1 at 2019-03-14 17:04:38 -0500
Processing by Devise::SessionsController#new as HTML
  Rendering devise/sessions/new.html.erb within layouts/application
  Rendered devise/shared/_links.html.erb (1.5ms)
  Rendered devise/sessions/new.html.erb within layouts/application (6.4ms)
  Rendered layouts/_sidebar.html.erb (0.6ms)
  Rendered layouts/_topbar.html.erb (0.8ms)
Completed 200 OK in 79ms (Views: 64.8ms | ActiveRecord: 1.2ms)


Started GET "/" for 127.0.0.1 at 2019-03-14 17:14:46 -0500
Processing by Devise::SessionsController#new as HTML
  Rendering devise/sessions/new.html.erb within layouts/devise
  Rendered devise/shared/_links.html.erb (1.3ms)
  Rendered devise/sessions/new.html.erb within layouts/devise (6.5ms)
Completed 200 OK in 53ms (Views: 51.1ms | ActiveRecord: 0.0ms)


Started POST "/users/sign_in" for 127.0.0.1 at 2019-03-14 17:15:12 -0500
Processing by Devise::SessionsController#create as HTML
  Parameters: {"utf8"=>"✓", "authenticity_token"=>"OH5ZgKJzn1GDQ6l6o1NXcUETDyplVxAh0w6Vz8yogGx0YTu7jwRG4RbwKe1U5WodQsLBSYb0hx1+RLoqgJLGrg==", "user"=>{"email"=>"juan_perez@pucp.pe", "password"=>"[FILTERED]", "remember_me"=>"0"}, "commit"=>"Log in"}
  [1m[36mUser Load (0.3ms)[0m  [1m[34mSELECT  "users".* FROM "users" WHERE "users"."email" = ? ORDER BY "users"."id" ASC LIMIT ?[0m  [["email", "juan_perez@pucp.pe"], ["LIMIT", 1]]
  ↳ /home/alberto_chang/.rvm/gems/ruby-2.4.1@ingsoft/bundler/gems/devise-2f3a59640b39/lib/devise/models/authenticatable.rb:276
Completed 401 Unauthorized in 5ms (ActiveRecord: 0.6ms)


Processing by Devise::SessionsController#new as HTML
  Parameters: {"utf8"=>"✓", "authenticity_token"=>"OH5ZgKJzn1GDQ6l6o1NXcUETDyplVxAh0w6Vz8yogGx0YTu7jwRG4RbwKe1U5WodQsLBSYb0hx1+RLoqgJLGrg==", "user"=>{"email"=>"juan_perez@pucp.pe", "password"=>"[FILTERED]", "remember_me"=>"0"}, "commit"=>"Log in"}
  Rendering devise/sessions/new.html.erb within layouts/devise
  Rendered devise/shared/_links.html.erb (0.8ms)
  Rendered devise/sessions/new.html.erb within layouts/devise (3.5ms)
Completed 200 OK in 190ms (Views: 41.0ms | ActiveRecord: 0.0ms)


Started GET "/users/sign_in" for 127.0.0.1 at 2019-03-14 17:23:15 -0500
Processing by Devise::SessionsController#new as HTML
  Rendering devise/sessions/new.html.erb within layouts/devise
  Rendered devise/shared/_links.html.erb (2.5ms)
  Rendered devise/sessions/new.html.erb within layouts/devise (9.5ms)
Completed 200 OK in 69ms (Views: 66.6ms | ActiveRecord: 0.0ms)


Started GET "/users/sign_in" for 127.0.0.1 at 2019-03-14 17:32:15 -0500
Processing by Devise::SessionsController#new as HTML
  Rendering devise/sessions/new.html.erb within layouts/devise
  Rendered devise/shared/_links.html.erb (2.2ms)
  Rendered devise/sessions/new.html.erb within layouts/devise (6.4ms)
Completed 200 OK in 49ms (Views: 48.4ms | ActiveRecord: 0.0ms)


Started GET "/users/sign_in" for 127.0.0.1 at 2019-03-14 17:32:38 -0500
Processing by Devise::SessionsController#new as HTML
  Rendering devise/sessions/new.html.erb within layouts/devise
  Rendered devise/shared/_links.html.erb (1.8ms)
  Rendered devise/sessions/new.html.erb within layouts/devise (7.3ms)
Completed 200 OK in 72ms (Views: 70.6ms | ActiveRecord: 0.0ms)


Started GET "/users/sign_in" for 127.0.0.1 at 2019-03-14 17:35:07 -0500
Processing by Devise::SessionsController#new as HTML
  Rendering devise/sessions/new.html.erb within layouts/devise
  Rendered devise/shared/_links.html.erb (1.7ms)
  Rendered devise/sessions/new.html.erb within layouts/devise (5.8ms)
Completed 200 OK in 54ms (Views: 49.8ms | ActiveRecord: 0.0ms)


Started GET "/users/sign_in" for 127.0.0.1 at 2019-03-14 17:37:46 -0500
Processing by Devise::SessionsController#new as HTML
  Rendering devise/sessions/new.html.erb within layouts/devise
  Rendered devise/shared/_links.html.erb (1.4ms)
  Rendered devise/sessions/new.html.erb within layouts/devise (5.4ms)
Completed 200 OK in 52ms (Views: 50.9ms | ActiveRecord: 0.0ms)


Started GET "/users/sign_in" for 127.0.0.1 at 2019-03-14 17:38:23 -0500
Processing by Devise::SessionsController#new as HTML
  Rendering devise/sessions/new.html.erb within layouts/devise
  Rendered devise/shared/_links.html.erb (1.3ms)
  Rendered devise/sessions/new.html.erb within layouts/devise (11.6ms)
Completed 200 OK in 58ms (Views: 57.1ms | ActiveRecord: 0.0ms)


Started GET "/users/sign_in" for 127.0.0.1 at 2019-03-14 17:40:23 -0500
Processing by Devise::SessionsController#new as HTML
  Rendering devise/sessions/new.html.erb within layouts/devise
  Rendered devise/shared/_links.html.erb (1.8ms)
  Rendered devise/sessions/new.html.erb within layouts/devise (6.3ms)
Completed 200 OK in 56ms (Views: 54.3ms | ActiveRecord: 0.0ms)


Started GET "/users/sign_in" for 127.0.0.1 at 2019-03-14 17:41:33 -0500
Processing by Devise::SessionsController#new as HTML
  Rendering devise/sessions/new.html.erb within layouts/devise
  Rendered devise/shared/_links.html.erb (1.1ms)
  Rendered devise/sessions/new.html.erb within layouts/devise (4.3ms)
Completed 200 OK in 46ms (Views: 44.6ms | ActiveRecord: 0.0ms)


Started GET "/users/sign_in" for 127.0.0.1 at 2019-03-14 17:43:03 -0500
Processing by Devise::SessionsController#new as HTML
  Rendering devise/sessions/new.html.erb within layouts/devise
  Rendered devise/shared/_links.html.erb (1.8ms)
  Rendered devise/sessions/new.html.erb within layouts/devise (6.8ms)
Completed 200 OK in 62ms (Views: 60.7ms | ActiveRecord: 0.0ms)


Started GET "/users/sign_in" for 127.0.0.1 at 2019-03-14 17:43:34 -0500
Processing by Devise::SessionsController#new as HTML
  Rendering devise/sessions/new.html.erb within layouts/devise
  Rendered devise/shared/_links.html.erb (4.8ms)
  Rendered devise/sessions/new.html.erb within layouts/devise (9.8ms)
Completed 200 OK in 69ms (Views: 67.6ms | ActiveRecord: 0.0ms)


Started GET "/users/sign_in" for 127.0.0.1 at 2019-03-14 17:46:36 -0500
Processing by Devise::SessionsController#new as HTML
  Rendering devise/sessions/new.html.erb within layouts/devise
  Rendered devise/sessions/new.html.erb within layouts/devise (1.7ms)
Completed 500 Internal Server Error in 20ms (ActiveRecord: 0.0ms)


  
SyntaxError (/home/alberto_chang/Documentos/Proyectos/Practicando/sicaltest/app/views/devise/sessions/new.html.erb:21: syntax error, unexpected tSYMBEG, expecting keyword_do or '{' or '('
nputEmail", aria-describedby:"emailHelp", placeholder:"Enter
                              ^
/home/alberto_chang/Documentos/Proyectos/Practicando/sicaltest/app/views/devise/sessions/new.html.erb:21: syntax error, unexpected ',', expecting ')'
 aria-describedby:"emailHelp", placeholder:"Enter Email Addr
                              ^
/home/alberto_chang/Documentos/Proyectos/Practicando/sicaltest/app/views/devise/sessions/new.html.erb:21: syntax error, unexpected ',', expecting ')'
lder:"Enter Email Address...", autofocus: true, autocomplete
                              ^
/home/alberto_chang/Documentos/Proyectos/Practicando/sicaltest/app/views/devise/sessions/new.html.erb:21: Can't assign to true
 Address...", autofocus: true, autocomplete: "email" );@outp
                              ^):
  
app/views/devise/sessions/new.html.erb:21: syntax error, unexpected tSYMBEG, expecting keyword_do or '{' or '('
app/views/devise/sessions/new.html.erb:21: syntax error, unexpected ',', expecting ')'
app/views/devise/sessions/new.html.erb:21: syntax error, unexpected ',', expecting ')'
app/views/devise/sessions/new.html.erb:21: Can't assign to true
Started GET "/users/sign_in" for 127.0.0.1 at 2019-03-14 17:46:43 -0500
Processing by Devise::SessionsController#new as HTML
  Rendering devise/sessions/new.html.erb within layouts/devise
  Rendered devise/shared/_links.html.erb (3.2ms)
  Rendered devise/sessions/new.html.erb within layouts/devise (9.7ms)
Completed 200 OK in 90ms (Views: 87.4ms | ActiveRecord: 0.0ms)


Started GET "/users/sign_in" for 127.0.0.1 at 2019-03-14 17:49:32 -0500
Processing by Devise::SessionsController#new as HTML
  Rendering devise/sessions/new.html.erb within layouts/devise
  Rendered devise/shared/_links.html.erb (2.5ms)
  Rendered devise/sessions/new.html.erb within layouts/devise (7.8ms)
Completed 200 OK in 66ms (Views: 64.3ms | ActiveRecord: 0.0ms)


Started GET "/users/sign_in" for 127.0.0.1 at 2019-03-14 17:55:06 -0500
Processing by Devise::SessionsController#new as HTML
  Rendering devise/sessions/new.html.erb within layouts/devise
  Rendered devise/shared/_links.html.erb (2.8ms)
  Rendered devise/sessions/new.html.erb within layouts/devise (6.3ms)
Completed 200 OK in 56ms (Views: 55.0ms | ActiveRecord: 0.0ms)


Started POST "/users/sign_in" for 127.0.0.1 at 2019-03-14 17:57:17 -0500
Processing by Devise::SessionsController#create as HTML
  Parameters: {"utf8"=>"✓", "authenticity_token"=>"g2Mgg57UJuXrkV1M6wsUDGy31Si2r0etABowJZk51/nPfEK4s6P/VX4i3dscvSlgb2YbS1UM0JGtUB/A1QOROw==", "user"=>{"email"=>"juan_perez@pucp.pe", "password"=>"[FILTERED]", "remember_me"=>"0"}, "commit"=>"Log in"}
  [1m[36mUser Load (0.3ms)[0m  [1m[34mSELECT  "users".* FROM "users" WHERE "users"."email" = ? ORDER BY "users"."id" ASC LIMIT ?[0m  [["email", "juan_perez@pucp.pe"], ["LIMIT", 1]]
  ↳ /home/alberto_chang/.rvm/gems/ruby-2.4.1@ingsoft/bundler/gems/devise-2f3a59640b39/lib/devise/models/authenticatable.rb:276
Completed 401 Unauthorized in 3ms (ActiveRecord: 0.7ms)


Processing by Devise::SessionsController#new as HTML
  Parameters: {"utf8"=>"✓", "authenticity_token"=>"g2Mgg57UJuXrkV1M6wsUDGy31Si2r0etABowJZk51/nPfEK4s6P/VX4i3dscvSlgb2YbS1UM0JGtUB/A1QOROw==", "user"=>{"email"=>"juan_perez@pucp.pe", "password"=>"[FILTERED]", "remember_me"=>"0"}, "commit"=>"Log in"}
  Rendering devise/sessions/new.html.erb within layouts/devise
  Rendered devise/shared/_links.html.erb (0.8ms)
  Rendered devise/sessions/new.html.erb within layouts/devise (3.1ms)
Completed 200 OK in 197ms (Views: 37.8ms | ActiveRecord: 0.0ms)


Started POST "/users/sign_in" for 127.0.0.1 at 2019-03-14 17:57:19 -0500
Processing by Devise::SessionsController#create as HTML
  Parameters: {"utf8"=>"✓", "authenticity_token"=>"r7261Se45zG1dEhPf2kqxNnZz5WQ77obB6TrWLl5dJ/jotjuCs8+gSDHyNiI3xeo2ggB9nNMLSeq7sS99UMyXQ==", "user"=>{"email"=>"juan_perez@pucp.pe", "password"=>"[FILTERED]", "remember_me"=>"0"}, "commit"=>"Log in"}
  [1m[36mUser Load (0.4ms)[0m  [1m[34mSELECT  "users".* FROM "users" WHERE "users"."email" = ? ORDER BY "users"."id" ASC LIMIT ?[0m  [["email", "juan_perez@pucp.pe"], ["LIMIT", 1]]
  ↳ /home/alberto_chang/.rvm/gems/ruby-2.4.1@ingsoft/bundler/gems/devise-2f3a59640b39/lib/devise/models/authenticatable.rb:276
Completed 401 Unauthorized in 3ms (ActiveRecord: 0.4ms)


Processing by Devise::SessionsController#new as HTML
  Parameters: {"utf8"=>"✓", "authenticity_token"=>"r7261Se45zG1dEhPf2kqxNnZz5WQ77obB6TrWLl5dJ/jotjuCs8+gSDHyNiI3xeo2ggB9nNMLSeq7sS99UMyXQ==", "user"=>{"email"=>"juan_perez@pucp.pe", "password"=>"[FILTERED]", "remember_me"=>"0"}, "commit"=>"Log in"}
  Rendering devise/sessions/new.html.erb within layouts/devise
  Rendered devise/shared/_links.html.erb (1.3ms)
  Rendered devise/sessions/new.html.erb within layouts/devise (3.8ms)
Completed 200 OK in 211ms (Views: 33.9ms | ActiveRecord: 0.0ms)


